# JRE version: OpenJDK Runtime Environment (10.0.2+13) (build 10.0.2+13-Ubuntu-1ubuntu0.18.04.4)
# Java VM: OpenJDK 64-Bit Server VM (10.0.2+13-Ubuntu-1ubuntu0.18.04.4, mixed mode, tiered, compressed oops, g1 gc, linux-amd64)
Heap:
 garbage-first heap   total 667648K, used 257626K [0x00000000c0000000, 0x0000000100000000)
  region size 1024K, 6 young (6144K), 6 survivors (6144K)
 Metaspace       used 85946K, capacity 86852K, committed 87376K, reserved 1124352K
  class space    used 11497K, capacity 11835K, committed 11904K, reserved 1048576K
GC Heap History (10 events):
Event: 110.429 GC heap after
{Heap after GC invocations=134 (full 0):
 garbage-first heap   total 412672K, used 304128K [0x00000000c0000000, 0x0000000100000000)
  region size 1024K, 3 young (3072K), 3 survivors (3072K)
 Metaspace       used 85944K, capacity 86852K, committed 87376K, reserved 1124352K
  class space    used 11497K, capacity 11835K, committed 11904K, reserved 1048576K
}
Event: 110.442 GC heap before
{Heap before GC invocations=135 (full 0):
 garbage-first heap   total 412672K, used 260096K [0x00000000c0000000, 0x0000000100000000)
  region size 1024K, 7 young (7168K), 3 survivors (3072K)
 Metaspace       used 85944K, capacity 86852K, committed 87376K, reserved 1124352K
  class space    used 11497K, capacity 11835K, committed 11904K, reserved 1048576K
}
Event: 110.467 GC heap after
{Heap after GC invocations=136 (full 0):
 garbage-first heap   total 412672K, used 259607K [0x00000000c0000000, 0x0000000100000000)
  region size 1024K, 2 young (2048K), 2 survivors (2048K)
 Metaspace       used 85944K, capacity 86852K, committed 87376K, reserved 1124352K
  class space    used 11497K, capacity 11835K, committed 11904K, reserved 1048576K
}
Event: 111.029 GC heap before
{Heap before GC invocations=137 (full 0):
 garbage-first heap   total 412672K, used 282263K [0x00000000c0000000, 0x0000000100000000)
  region size 1024K, 40 young (40960K), 2 survivors (2048K)
 Metaspace       used 85944K, capacity 86852K, committed 87376K, reserved 1124352K
  class space    used 11497K, capacity 11835K, committed 11904K, reserved 1048576K
}
Event: 111.063 GC heap after
{Heap after GC invocations=138 (full 0):
 garbage-first heap   total 412672K, used 250880K [0x00000000c0000000, 0x0000000100000000)
  region size 1024K, 5 young (5120K), 5 survivors (5120K)
 Metaspace       used 85944K, capacity 86852K, committed 87376K, reserved 1124352K
  class space    used 11497K, capacity 11835K, committed 11904K, reserved 1048576K
}
Event: 111.732 GC heap before
{Heap before GC invocations=138 (full 0):
 garbage-first heap   total 412672K, used 272384K [0x00000000c0000000, 0x0000000100000000)
  region size 1024K, 20 young (20480K), 5 survivors (5120K)
 Metaspace       used 85944K, capacity 86852K, committed 87376K, reserved 1124352K
  class space    used 11497K, capacity 11835K, committed 11904K, reserved 1048576K
}
Event: 111.766 GC heap after
{Heap after GC invocations=139 (full 0):
 garbage-first heap   total 412672K, used 259030K [0x00000000c0000000, 0x0000000100000000)
  region size 1024K, 3 young (3072K), 3 survivors (3072K)
 Metaspace       used 85944K, capacity 86852K, committed 87376K, reserved 1124352K
  class space    used 11497K, capacity 11835K, committed 11904K, reserved 1048576K
}
Event: 111.776 GC heap before
{Heap before GC invocations=139 (full 0):
 garbage-first heap   total 412672K, used 265174K [0x00000000c0000000, 0x0000000100000000)
  region size 1024K, 10 young (10240K), 3 survivors (3072K)
 Metaspace       used 85944K, capacity 86852K, committed 87376K, reserved 1124352K
  class space    used 11497K, capacity 11835K, committed 11904K, reserved 1048576K
}
Event: 111.797 GC heap after
{Heap after GC invocations=140 (full 0):
 garbage-first heap   total 412672K, used 262144K [0x00000000c0000000, 0x0000000100000000)
  region size 1024K, 6 young (6144K), 6 survivors (6144K)
 Metaspace       used 85944K, capacity 86852K, committed 87376K, reserved 1124352K
  class space    used 11497K, capacity 11835K, committed 11904K, reserved 1048576K
}
Event: 113.065 GC heap before
{Heap before GC invocations=141 (full 0):
 garbage-first heap   total 412672K, used 292864K [0x00000000c0000000, 0x0000000100000000)
  region size 1024K, 43 young (44032K), 6 survivors (6144K)
 Metaspace       used 85946K, capacity 86852K, committed 87376K, reserved 1124352K
  class space    used 11497K, capacity 11835K, committed 11904K, reserved 1048576K
}

